-63445.292969
0.199926
./useless/4r7l_mod.B99990022.pdb
24064.529297
0.043663
./useless/4r7l_mod.IL00000003.pdb
-62864.144531
0.182559
./useless/4r7l_mod.BL00100019.pdb
-63752.511719
0.087087
./useless/4r7l_mod.BL00100028.pdb
-63289.714844
0.131334
./useless/4r7l_mod.BL00060012.pdb
-63437.406250
0.152119
./useless/4r7l_mod.BL00070006.pdb
-66207.835938
0.211221
./useless/4r7l_mod.BL00040017.pdb
-65410.851562
0.402870
./useless/4r7l_mod.B99990013.pdb
-65334.828125
0.229993
./useless/4r7l_mod.BL00060018.pdb
-63158.355469
0.222022
./useless/4r7l_mod.BL00090016.pdb
-63960.335938
0.261214
./useless/4r7l_mod.B99990001.pdb
21122.431641
0.056914
./useless/4r7l_mod.IL00000013.pdb
-64969.125000
0.285426
./useless/4r7l_mod.B99990004.pdb
-63936.144531
0.140198
./useless/4r7l_mod.BL00050011.pdb
20670.976562
0.050765
./useless/4r7l_mod.IL00000026.pdb
17975.482422
0.047045
./useless/4r7l_mod.IL00000017.pdb
-64760.566406
0.219015
./useless/4r7l_mod.BL00060010.pdb
-63504.308594
0.340764
./useless/4r7l_mod.BL00050016.pdb
-65431.500000
0.197451
./useless/4r7l_mod.BL00070023.pdb
-65161.031250
0.348597
./useless/4r7l_mod.B99990012.pdb
-65391.058594
0.260787
./useless/4r7l_mod.BL00030013.pdb
-66182.609375
0.281354
./useless/4r7l_mod.BL00070002.pdb
-62830.777344
0.188587
./useless/4r7l_mod.B99990016.pdb
-66118.585938
0.214961
./useless/4r7l_mod.BL00100009.pdb
-65430.968750
0.289703
./useless/4r7l_mod.BL00080018.pdb
-62606.285156
0.114620
./useless/4r7l_mod.B99990010.pdb
-64414.488281
0.163176
./useless/4r7l_mod.B99990030.pdb
18106.966797
0.022418
./useless/4r7l_mod.IL00000028.pdb
-61793.730469
0.233075
./useless/4r7l_mod.BL00050006.pdb
-65347.738281
0.279575
./useless/4r7l_mod.B99990017.pdb
-65285.917969
0.192898
./useless/4r7l_mod.BL00030007.pdb
-65995.265625
0.473034
./useless/4r7l_mod.BL00090017.pdb
-65178.859375
0.165802
./useless/4r7l_mod.BL00040001.pdb
-63387.355469
0.243875
./useless/4r7l_mod.B99990029.pdb
22625.634766
0.031635
./useless/4r7l_mod.IL00000005.pdb
-65258.441406
0.282135
./useless/4r7l_mod.BL00020007.pdb
-63018.367188
0.253104
./useless/4r7l_mod.B99990019.pdb
17927.000000
0.060016
./useless/4r7l_mod.IL00000008.pdb
-63206.238281
0.375302
./useless/4r7l_mod.BL00060003.pdb
-67007.562500
0.145056
./useless/4r7l_mod.BL00030008.pdb
-63950.039062
0.193298
./useless/4r7l_mod.BL00090012.pdb
-62528.066406
0.178232
./useless/4r7l_mod.BL00060006.pdb
24296.851562
0.046248
./useless/4r7l_mod.IL00000014.pdb
-64650.539062
0.224082
./useless/4r7l_mod.BL00080020.pdb
-65656.796875
0.318822
./useless/4r7l_mod.BL00080011.pdb
23031.208984
0.026951
./useless/4r7l_mod.IL00000022.pdb
-65836.031250
0.404784
./useless/4r7l_mod.BL00100024.pdb
22665.513672
0.038295
./useless/4r7l_mod.IL00000023.pdb
-65895.992188
0.168233
./useless/4r7l_mod.BL00100030.pdb
-63649.972656
0.136335
./useless/4r7l_mod.BL00100022.pdb
-65652.664062
0.397568
./useless/4r7l_mod.B99990026.pdb
19441.623047
0.029792
./useless/4r7l_mod.IL00000019.pdb
-66465.640625
0.257747
./useless/4r7l_mod.BL00020002.pdb
21071.011719
0.050937
./useless/4r7l_mod.IL00000007.pdb
-63285.839844
0.168557
./useless/4r7l_mod.BL00090001.pdb
-63976.515625
0.186743
./useless/4r7l_mod.B99990021.pdb
-62662.910156
0.146213
./useless/4r7l_mod.BL00040018.pdb
22220.337891
0.045333
./useless/4r7l_mod.IL00000018.pdb
-64694.140625
0.270383
./useless/4r7l_mod.BL00050013.pdb
-66379.937500
0.362758
./useless/4r7l_mod.B99990002.pdb
-63517.656250
0.244929
./useless/4r7l_mod.B99990003.pdb
-67046.296875
0.145125
./useless/4r7l_mod.BL00040008.pdb
-63528.828125
0.190844
./useless/4r7l_mod.BL00050005.pdb
23884.728516
0.030638
./useless/4r7l_mod.IL00000021.pdb
-62698.855469
0.288775
./useless/4r7l_mod.B99990005.pdb
-63884.781250
0.177991
./useless/4r7l_mod.BL00070029.pdb
-65278.359375
0.312221
./useless/4r7l_mod.B99990018.pdb
-65106.085938
0.121243
./useless/4r7l_mod.BL00060004.pdb
17169.908203
0.049682
./useless/4r7l_mod.IL00000029.pdb
-65404.511719
0.202716
./useless/4r7l_mod.B99990009.pdb
-64210.890625
0.181776
./useless/4r7l_mod.B99990023.pdb
-65605.257812
0.222274
./useless/4r7l_mod.BL00080015.pdb
20108.998047
0.032403
./useless/4r7l_mod.IL00000016.pdb
-63583.585938
0.224759
./useless/4r7l_mod.BL00010022.pdb
20723.195312
0.042565
./useless/4r7l_mod.IL00000001.pdb
-66275.039062
0.207770
./useless/4r7l_mod.B99990008.pdb
-63950.773438
0.164161
./useless/4r7l_mod.BL00010029.pdb
-63957.914062
0.131110
./useless/4r7l_mod.BL00070001.pdb
20199.562500
0.058482
./useless/4r7l_mod.IL00000020.pdb
-62909.773438
0.199013
./useless/4r7l_mod.BL00090005.pdb
-64120.582031
0.129473
./useless/4r7l_mod.BL00100012.pdb
20300.498047
0.053017
./useless/4r7l_mod.IL00000024.pdb
-64729.640625
0.255855
./useless/4r7l_mod.BL00050021.pdb
-65546.703125
0.283232
./useless/4r7l_mod.BL00070018.pdb
20251.078125
0.043950
./useless/4r7l_mod.IL00000011.pdb
-62917.605469
0.212800
./useless/4r7l_mod.BL00080019.pdb
-65241.128906
0.271094
./useless/4r7l_mod.B99990007.pdb
-64660.097656
0.108756
./useless/4r7l_mod.BL00050004.pdb
18517.507812
0.054659
./useless/4r7l_mod.IL00000002.pdb
-66009.390625
0.244535
./useless/4r7l_mod.BL00010030.pdb
-63963.968750
0.183528
./useless/4r7l_mod.BL00040013.pdb
-64395.992188
0.186512
./useless/4r7l_mod.B99990027.pdb
-66745.570312
0.291554
./useless/4r7l_mod.BL00050026.pdb
-65401.210938
0.276528
./useless/4r7l_mod.BL00080001.pdb
-64076.933594
0.193923
./useless/4r7l_mod.BL00090027.pdb
-64520.179688
0.225183
./useless/4r7l_mod.BL00010011.pdb
-66566.976562
0.314673
./useless/4r7l_mod.BL00040009.pdb
-65844.617188
0.265453
./useless/4r7l_mod.BL00040012.pdb
-64281.878906
0.185492
./useless/4r7l_mod.BL00020028.pdb
-65822.718750
0.279409
./useless/4r7l_mod.B99990025.pdb
-66084.929688
0.232381
./useless/4r7l_mod.BL00090007.pdb
-65129.562500
0.150296
./useless/4r7l_mod.BL00050028.pdb
-63524.308594
0.196138
./useless/4r7l_mod.BL00060021.pdb
-61267.261719
0.153566
./useless/4r7l_mod.B99990006.pdb
17926.078125
0.052311
./useless/4r7l_mod.IL00000012.pdb
-61569.574219
0.106879
./useless/4r7l_mod.B99990014.pdb
18670.882812
0.026730
./useless/4r7l_mod.IL00000030.pdb
-65223.746094
0.299260
./useless/4r7l_mod.BL00070024.pdb
20390.894531
0.035992
./useless/4r7l_mod.IL00000027.pdb
-64569.519531
0.217335
./useless/4r7l_mod.BL00040011.pdb
-64156.804688
0.071546
./useless/4r7l_mod.BL00030028.pdb
-66416.070312
0.197148
./useless/4r7l_mod.BL00080012.pdb
-65991.796875
0.468870
./useless/4r7l_mod.B99990024.pdb
-64385.148438
0.264343
./useless/4r7l_mod.BL00030019.pdb
-63555.199219
0.112524
./useless/4r7l_mod.BL00090022.pdb
19358.130859
0.047761
./useless/4r7l_mod.IL00000009.pdb
-64872.679688
0.252269
./useless/4r7l_mod.B99990020.pdb
-64225.960938
0.121599
./useless/4r7l_mod.BL00070010.pdb
-64947.886719
0.139929
./useless/4r7l_mod.BL00100013.pdb
18711.337891
0.040911
./useless/4r7l_mod.IL00000025.pdb
-66679.664062
0.275613
./useless/4r7l_mod.BL00040002.pdb
23027.691406
0.018931
./useless/4r7l_mod.IL00000010.pdb
-64668.472656
0.413403
./useless/4r7l_mod.BL00040029.pdb
-64846.562500
0.282004
./useless/4r7l_mod.BL00010028.pdb
-63381.761719
0.076474
./useless/4r7l_mod.BL00010010.pdb
-65695.929688
0.178801
./useless/4r7l_mod.BL00090018.pdb
-63950.804688
0.155775
./useless/4r7l_mod.B99990028.pdb
-63464.882812
0.111146
./useless/4r7l_mod.BL00030010.pdb
-64901.367188
0.272401
./useless/4r7l_mod.B99990015.pdb
21465.871094
0.054504
./useless/4r7l_mod.IL00000004.pdb
-64001.621094
0.263906
./useless/4r7l_mod.B99990011.pdb
-65120.375000
0.212987
./useless/4r7l_mod.BL00070007.pdb
-65574.085938
0.225796
./useless/4r7l_mod.BL00020012.pdb
-63372.359375
0.121125
./useless/4r7l_mod.BL00040014.pdb
-65469.238281
0.244964
./useless/4r7l_mod.BL00100025.pdb
23741.201172
0.037925
./useless/4r7l_mod.IL00000006.pdb
-66452.289062
0.338423
./useless/4r7l_mod.BL00040026.pdb
-65162.156250
0.321609
./useless/4r7l_mod.BL00010012.pdb
-61046.316406
0.110074
./useless/4r7l_mod.BL00090006.pdb
-63062.898438
0.111343
./useless/4r7l_mod.BL00040022.pdb
-64037.695312
0.337862
./useless/4r7l_mod.BL00070017.pdb
-65016.687500
0.217351
./useless/4r7l_mod.BL00090011.pdb
-64318.621094
0.294117
./useless/4r7l_mod.BL00090029.pdb
-63195.808594
0.140015
./useless/4r7l_mod.BL00020019.pdb
18730.951172
0.064188
./useless/4r7l_mod.IL00000015.pdb
-66074.914062
0.278961
./useless/4r7l_mod.BL00030002.pdb
