              :-) GROMACS - gmx mdrun, 2020.1-Ubuntu-2020.1-1 (-:

                            GROMACS is written by:
     Emile Apol      Rossen Apostolov      Paul Bauer     Herman J.C. Berendsen
    Par Bjelkmar      Christian Blau   Viacheslav Bolnykh     Kevin Boyd    
 Aldert van Buuren   Rudi van Drunen     Anton Feenstra       Alan Gray     
  Gerrit Groenhof     Anca Hamuraru    Vincent Hindriksen  M. Eric Irrgang  
  Aleksei Iupinov   Christoph Junghans     Joe Jordan     Dimitrios Karkoulis
    Peter Kasson        Jiri Kraus      Carsten Kutzner      Per Larsson    
  Justin A. Lemkul    Viveca Lindahl    Magnus Lundborg     Erik Marklund   
    Pascal Merz     Pieter Meulenhoff    Teemu Murtola       Szilard Pall   
    Sander Pronk      Roland Schulz      Michael Shirts    Alexey Shvetsov  
   Alfons Sijbers     Peter Tieleman      Jon Vincent      Teemu Virolainen 
 Christian Wennberg    Maarten Wolf      Artem Zhmurov   
                           and the project leaders:
        Mark Abraham, Berk Hess, Erik Lindahl, and David van der Spoel

Copyright (c) 1991-2000, University of Groningen, The Netherlands.
Copyright (c) 2001-2019, The GROMACS development team at
Uppsala University, Stockholm University and
the Royal Institute of Technology, Sweden.
check out http://www.gromacs.org for more information.

GROMACS is free software; you can redistribute it and/or modify it
under the terms of the GNU Lesser General Public License
as published by the Free Software Foundation; either version 2.1
of the License, or (at your option) any later version.

GROMACS:      gmx mdrun, version 2020.1-Ubuntu-2020.1-1
Executable:   /usr/bin/gmx
Data prefix:  /usr
Working dir:  /home/bio8/Projet/results_MODLER_2/best2/Dynamique
Process ID:   74513
Command line:
  gmx mdrun -s md_prod.tpr -deffnm md_prod

GROMACS version:    2020.1-Ubuntu-2020.1-1
Precision:          single
Memory model:       64 bit
MPI library:        thread_mpi
OpenMP support:     enabled (GMX_OPENMP_MAX_THREADS = 64)
GPU support:        disabled
SIMD instructions:  SSE2
FFT library:        fftw-3.3.8-sse2-avx
RDTSCP usage:       disabled
TNG support:        enabled
Hwloc support:      hwloc-2.1.0
Tracing support:    disabled
C compiler:         /usr/bin/cc GNU 9.3.0
C compiler flags:   -msse2 -fexcess-precision=fast -funroll-all-loops
C++ compiler:       /usr/bin/c++ GNU 9.3.0
C++ compiler flags: -msse2 -fexcess-precision=fast -funroll-all-loops -fopenmp


Running on 1 node with total 12 cores, 24 logical cores
Hardware detected:
  CPU info:
    Vendor: Intel
    Brand:  Intel(R) Xeon(R) CPU           E5645  @ 2.40GHz
    Family: 6   Model: 44   Stepping: 2
    Features: aes apic clfsh cmov cx8 cx16 htt intel lahf mmx msr nonstop_tsc pcid pclmuldq pdcm pdpe1gb popcnt pse rdtscp sse2 sse3 sse4.1 sse4.2 ssse3
  Hardware topology: Full, with devices
    Sockets, cores, and logical processors:
      Socket  0: [   0  12] [   2  14] [   4  16] [   6  18] [   8  20] [  10  22]
      Socket  1: [   1  13] [   3  15] [   5  17] [   7  19] [   9  21] [  11  23]
    Numa nodes:
      Node  0 (25333563392 bytes mem):   0  12   2  14   4  16   6  18   8  20  10  22
      Node  1 (25283268608 bytes mem):   1  13   3  15   5  17   7  19   9  21  11  23
      Latency:
               0     1
         0  1.00  2.00
         1  2.00  1.00
    Caches:
      L1: 32768 bytes, linesize 64 bytes, assoc. 8, shared 2 ways
      L2: 262144 bytes, linesize 64 bytes, assoc. 8, shared 2 ways
      L3: 12582912 bytes, linesize 64 bytes, assoc. 16, shared 12 ways
    PCI devices:
      0000:01:00.0  Id: 14e4:1639  Class: 0x0200  Numa: -1
      0000:01:00.1  Id: 14e4:1639  Class: 0x0200  Numa: -1
      0000:02:00.0  Id: 14e4:1639  Class: 0x0200  Numa: -1
      0000:02:00.1  Id: 14e4:1639  Class: 0x0200  Numa: -1
      0000:03:00.0  Id: 1000:0079  Class: 0x0104  Numa: -1
      0000:08:03.0  Id: 102b:0532  Class: 0x0300  Numa: -1
      0000:00:1f.2  Id: 8086:2921  Class: 0x0101  Numa: -1

Highest SIMD level requested by all nodes in run: SSE4.1
SIMD instructions selected at compile time:       SSE2
This program was compiled for different hardware than you are running on,
which could influence performance.
The current CPU can measure timings more accurately than the code in
gmx mdrun was configured to use. This might affect your simulation
speed as accurate timings are needed for load-balancing.
Please consider rebuilding gmx mdrun with the GMX_USE_RDTSCP=ON CMake option.

++++ PLEASE READ AND CITE THE FOLLOWING REFERENCE ++++
M. J. Abraham, T. Murtola, R. Schulz, S. Páll, J. C. Smith, B. Hess, E.
Lindahl
GROMACS: High performance molecular simulations through multi-level
parallelism from laptops to supercomputers
SoftwareX 1 (2015) pp. 19-25
-------- -------- --- Thank You --- -------- --------


++++ PLEASE READ AND CITE THE FOLLOWING REFERENCE ++++
S. Páll, M. J. Abraham, C. Kutzner, B. Hess, E. Lindahl
Tackling Exascale Software Challenges in Molecular Dynamics Simulations with
GROMACS
In S. Markidis & E. Laure (Eds.), Solving Software Challenges for Exascale 8759 (2015) pp. 3-27
-------- -------- --- Thank You --- -------- --------


++++ PLEASE READ AND CITE THE FOLLOWING REFERENCE ++++
S. Pronk, S. Páll, R. Schulz, P. Larsson, P. Bjelkmar, R. Apostolov, M. R.
Shirts, J. C. Smith, P. M. Kasson, D. van der Spoel, B. Hess, and E. Lindahl
GROMACS 4.5: a high-throughput and highly parallel open source molecular
simulation toolkit
Bioinformatics 29 (2013) pp. 845-54
-------- -------- --- Thank You --- -------- --------


++++ PLEASE READ AND CITE THE FOLLOWING REFERENCE ++++
B. Hess and C. Kutzner and D. van der Spoel and E. Lindahl
GROMACS 4: Algorithms for highly efficient, load-balanced, and scalable
molecular simulation
J. Chem. Theory Comput. 4 (2008) pp. 435-447
-------- -------- --- Thank You --- -------- --------


++++ PLEASE READ AND CITE THE FOLLOWING REFERENCE ++++
D. van der Spoel, E. Lindahl, B. Hess, G. Groenhof, A. E. Mark and H. J. C.
Berendsen
GROMACS: Fast, Flexible and Free
J. Comp. Chem. 26 (2005) pp. 1701-1719
-------- -------- --- Thank You --- -------- --------


++++ PLEASE READ AND CITE THE FOLLOWING REFERENCE ++++
E. Lindahl and B. Hess and D. van der Spoel
GROMACS 3.0: A package for molecular simulation and trajectory analysis
J. Mol. Mod. 7 (2001) pp. 306-317
-------- -------- --- Thank You --- -------- --------


++++ PLEASE READ AND CITE THE FOLLOWING REFERENCE ++++
H. J. C. Berendsen, D. van der Spoel and R. van Drunen
GROMACS: A message-passing parallel molecular dynamics implementation
Comp. Phys. Comm. 91 (1995) pp. 43-56
-------- -------- --- Thank You --- -------- --------


Multiple energy groups is not implemented for GPUs, falling back to the CPU. For better performance, run on the GPU without energy groups and then do gmx mdrun -rerun option on the trajectory with an energy group .tpr file.
Input Parameters:
   integrator                     = md
   tinit                          = 0
   dt                             = 0.002
   nsteps                         = 50000
   init-step                      = 0
   simulation-part                = 1
   comm-mode                      = Linear
   nstcomm                        = 100
   bd-fric                        = 0
   ld-seed                        = -1114153
   emtol                          = 10
   emstep                         = 0.01
   niter                          = 20
   fcstep                         = 0
   nstcgsteep                     = 1000
   nbfgscorr                      = 10
   rtpi                           = 0.05
   nstxout                        = 50000
   nstvout                        = 50000
   nstfout                        = 0
   nstlog                         = 5000
   nstcalcenergy                  = 100
   nstenergy                      = 5000
   nstxout-compressed             = 50000
   compressed-x-precision         = 1000
   cutoff-scheme                  = Verlet
   nstlist                        = 10
   pbc                            = xyz
   periodic-molecules             = false
   verlet-buffer-tolerance        = 0.005
   rlist                          = 1.2
   coulombtype                    = PME
   coulomb-modifier               = Potential-shift
   rcoulomb-switch                = 0
   rcoulomb                       = 1.2
   epsilon-r                      = 1
   epsilon-rf                     = inf
   vdw-type                       = Cut-off
   vdw-modifier                   = Potential-shift
   rvdw-switch                    = 0
   rvdw                           = 1.2
   DispCorr                       = EnerPres
   table-extension                = 1
   fourierspacing                 = 0.12
   fourier-nx                     = 72
   fourier-ny                     = 108
   fourier-nz                     = 96
   pme-order                      = 4
   ewald-rtol                     = 1e-05
   ewald-rtol-lj                  = 0.001
   lj-pme-comb-rule               = Geometric
   ewald-geometry                 = 0
   epsilon-surface                = 0
   tcoupl                         = V-rescale
   nsttcouple                     = 10
   nh-chain-length                = 0
   print-nose-hoover-chain-variables = false
   pcoupl                         = Parrinello-Rahman
   pcoupltype                     = Isotropic
   nstpcouple                     = 10
   tau-p                          = 1
   compressibility (3x3):
      compressibility[    0]={ 4.50000e-05,  0.00000e+00,  0.00000e+00}
      compressibility[    1]={ 0.00000e+00,  4.50000e-05,  0.00000e+00}
      compressibility[    2]={ 0.00000e+00,  0.00000e+00,  4.50000e-05}
   ref-p (3x3):
      ref-p[    0]={ 1.00000e+00,  0.00000e+00,  0.00000e+00}
      ref-p[    1]={ 0.00000e+00,  1.00000e+00,  0.00000e+00}
      ref-p[    2]={ 0.00000e+00,  0.00000e+00,  1.00000e+00}
   refcoord-scaling               = No
   posres-com (3):
      posres-com[0]= 0.00000e+00
      posres-com[1]= 0.00000e+00
      posres-com[2]= 0.00000e+00
   posres-comB (3):
      posres-comB[0]= 0.00000e+00
      posres-comB[1]= 0.00000e+00
      posres-comB[2]= 0.00000e+00
   QMMM                           = false
   QMconstraints                  = 0
   QMMMscheme                     = 0
   MMChargeScaleFactor            = 1
qm-opts:
   ngQM                           = 0
   constraint-algorithm           = Lincs
   continuation                   = true
   Shake-SOR                      = false
   shake-tol                      = 0.0001
   lincs-order                    = 4
   lincs-iter                     = 1
   lincs-warnangle                = 30
   nwall                          = 0
   wall-type                      = 9-3
   wall-r-linpot                  = -1
   wall-atomtype[0]               = -1
   wall-atomtype[1]               = -1
   wall-density[0]                = 0
   wall-density[1]                = 0
   wall-ewald-zfac                = 3
   pull                           = false
   awh                            = false
   rotation                       = false
   interactiveMD                  = false
   disre                          = No
   disre-weighting                = Conservative
   disre-mixed                    = false
   dr-fc                          = 1000
   dr-tau                         = 0
   nstdisreout                    = 100
   orire-fc                       = 0
   orire-tau                      = 0
   nstorireout                    = 100
   free-energy                    = no
   cos-acceleration               = 0
   deform (3x3):
      deform[    0]={ 0.00000e+00,  0.00000e+00,  0.00000e+00}
      deform[    1]={ 0.00000e+00,  0.00000e+00,  0.00000e+00}
      deform[    2]={ 0.00000e+00,  0.00000e+00,  0.00000e+00}
   simulated-tempering            = false
   swapcoords                     = no
   userint1                       = 0
   userint2                       = 0
   userint3                       = 0
   userint4                       = 0
   userreal1                      = 0
   userreal2                      = 0
   userreal3                      = 0
   userreal4                      = 0
   applied-forces:
     electric-field:
       x:
         E0                       = 0
         omega                    = 0
         t0                       = 0
         sigma                    = 0
       y:
         E0                       = 0
         omega                    = 0
         t0                       = 0
         sigma                    = 0
       z:
         E0                       = 0
         omega                    = 0
         t0                       = 0
         sigma                    = 0
     density-guided-simulation:
       active                     = false
       group                      = protein
       similarity-measure         = inner-product
       atom-spreading-weight      = unity
       force-constant             = 1e+09
       gaussian-transform-spreading-width = 0.2
       gaussian-transform-spreading-range-in-multiples-of-width = 4
       reference-density-filename = reference.mrc
       nst                        = 1
       normalize-densities        = true
       adaptive-force-scaling     = false
       adaptive-force-scaling-time-constant = 4
grpopts:
   nrdf:     26174.7      210942
   ref-t:         300         300
   tau-t:         0.1         0.1
annealing:          No          No
annealing-npoints:           0           0
   acc:	           0           0           0
   nfreeze:           N           N           N
   energygrp-flags[  0]: 0 0 0
   energygrp-flags[  1]: 0 0 0
   energygrp-flags[  2]: 0 0 0

Changing nstlist from 10 to 80, rlist from 1.2 to 1.319


Initializing Domain Decomposition on 24 ranks
Dynamic load balancing: locked
Using update groups, nr 40539, average size 2.9 atoms, max. radius 0.139 nm
Minimum cell size due to atom displacement: 0.565 nm
Initial maximum distances in bonded interactions:
    two-body bonded interactions: 0.437 nm, LJ-14, atoms 924 926
  multi-body bonded interactions: 0.508 nm, CMAP Dih., atoms 2792 2804
Minimum cell size due to bonded interactions: 0.558 nm
Scaling the initial minimum size with 1/0.8 (option -dds) = 1.25
Guess for relative PME load: 0.10
Will use 20 particle-particle and 4 PME only ranks
This is a guess, check the performance at the end of the log file
Using 4 separate PME ranks, as guessed by mdrun
Optimizing the DD grid for 20 cells with a minimum initial size of 0.706 nm
The maximum allowed number of cells is: X 11 Y 18 Z 14
Domain decomposition grid 1 x 4 x 5, separate PME ranks 4
PME domain decomposition: 1 x 4 x 1
Interleaving PP and PME ranks
This rank does only particle-particle work.
Domain decomposition rank 0, coordinates 0 0 0

The initial number of communication pulses is: Y 1 Z 1
The initial domain decomposition cell size is: Y 3.21 nm Z 2.07 nm

The maximum allowed distance for atom groups involved in interactions is:
                 non-bonded interactions           1.597 nm
(the following are initial values, they could change due to box deformation)
            two-body bonded interactions  (-rdd)   1.597 nm
          multi-body bonded interactions  (-rdd)   1.597 nm

When dynamic load balancing gets turned on, these settings will change to:
The maximum number of communication pulses is: Y 1 Z 1
The minimum size for domain decomposition cells is 1.597 nm
The requested allowed shrink of DD cells (option -dds) is: 0.80
The allowed shrink of domain decomposition cells is: Y 0.50 Z 0.77
The maximum allowed distance for atom groups involved in interactions is:
                 non-bonded interactions           1.597 nm
            two-body bonded interactions  (-rdd)   1.597 nm
          multi-body bonded interactions  (-rdd)   1.597 nm

Using 24 MPI threads
Using 1 OpenMP thread per tMPI thread

Pinning threads with an auto-selected logical core stride of 1
System total charge: 0.000
Will do PME sum in reciprocal space for electrostatic interactions.

++++ PLEASE READ AND CITE THE FOLLOWING REFERENCE ++++
U. Essmann, L. Perera, M. L. Berkowitz, T. Darden, H. Lee and L. G. Pedersen 
A smooth particle mesh Ewald method
J. Chem. Phys. 103 (1995) pp. 8577-8592
-------- -------- --- Thank You --- -------- --------

Using a Gaussian width (1/beta) of 0.384195 nm for Ewald
Potential shift: LJ r^-12: -1.122e-01 r^-6: -3.349e-01, Ewald -8.333e-06
Initialized non-bonded Coulomb Ewald tables, spacing: 1.02e-03 size: 1176

Generated table with 1159 data points for 1-4 COUL.
Tabscale = 500 points/nm
Generated table with 1159 data points for 1-4 LJ6.
Tabscale = 500 points/nm
Generated table with 1159 data points for 1-4 LJ12.
Tabscale = 500 points/nm

Using SIMD 4x4 nonbonded short-range kernels

Using a dual 4x4 pair-list setup updated with dynamic pruning:
  outer list: updated every 80 steps, buffer 0.119 nm, rlist 1.319 nm
  inner list: updated every 13 steps, buffer 0.001 nm, rlist 1.201 nm
At tolerance 0.005 kJ/mol/ps per atom, equivalent classical 1x1 list would be:
  outer list: updated every 80 steps, buffer 0.263 nm, rlist 1.463 nm
  inner list: updated every 13 steps, buffer 0.051 nm, rlist 1.251 nm

Using full Lennard-Jones parameter combination matrix

Long Range LJ corr.: <C6> 3.3783e-04


Initializing LINear Constraint Solver

++++ PLEASE READ AND CITE THE FOLLOWING REFERENCE ++++
B. Hess and H. Bekker and H. J. C. Berendsen and J. G. E. M. Fraaije
LINCS: A Linear Constraint Solver for molecular simulations
J. Comp. Chem. 18 (1997) pp. 1463-1472
-------- -------- --- Thank You --- -------- --------

The number of constraints is 5157

++++ PLEASE READ AND CITE THE FOLLOWING REFERENCE ++++
S. Miyamoto and P. A. Kollman
SETTLE: An Analytical Version of the SHAKE and RATTLE Algorithms for Rigid
Water Models
J. Comp. Chem. 13 (1992) pp. 952-962
-------- -------- --- Thank You --- -------- --------


Linking all bonded interactions to atoms

Intra-simulation communication will occur every 10 steps.

++++ PLEASE READ AND CITE THE FOLLOWING REFERENCE ++++
G. Bussi, D. Donadio and M. Parrinello
Canonical sampling through velocity rescaling
J. Chem. Phys. 126 (2007) pp. 014101
-------- -------- --- Thank You --- -------- --------

There are: 115822 Atoms
Atom distribution over 20 domains: av 5791 stddev 105 min 5672 max 5997
Center of mass motion removal mode is Linear
We have the following groups for center of mass motion removal:
  0:  rest

Started mdrun on rank 0 Fri Jan 27 17:28:16 2023

           Step           Time
              0        0.00000

   Energies (kJ/mol)
           Bond            U-B    Proper Dih.  Improper Dih.      CMAP Dih.
    8.97267e+03    2.57622e+04    2.89398e+04    1.47894e+03   -7.86634e+01
          LJ-14     Coulomb-14        LJ (SR)  Disper. corr.   Coulomb (SR)
    9.01747e+03    1.26200e+05    1.39044e+05   -9.74703e+03   -1.89399e+06
   Coul. recip.      Potential    Kinetic En.   Total Energy  Conserved En.
    6.11012e+03   -1.55829e+06    2.96564e+05   -1.26173e+06   -1.26166e+06
    Temperature Pres. DC (bar) Pressure (bar)   Constr. rmsd
    3.00851e+02   -1.43799e+02    2.19783e+02    3.32484e-06


DD  step 79 load imb.: force  9.6%  pme mesh/force 0.576

step 240 Turning on dynamic load balancing, because the performance loss due to load imbalance is 8.4 %.
           Step           Time
           5000       10.00000

   Energies (kJ/mol)
           Bond            U-B    Proper Dih.  Improper Dih.      CMAP Dih.
    8.72524e+03    2.57264e+04    2.87751e+04    1.41227e+03   -5.70835e+02
          LJ-14     Coulomb-14        LJ (SR)  Disper. corr.   Coulomb (SR)
    8.72220e+03    1.25823e+05    1.43158e+05   -9.70165e+03   -1.89822e+06
   Coul. recip.      Potential    Kinetic En.   Total Energy  Conserved En.
    5.62930e+03   -1.56052e+06    2.94583e+05   -1.26594e+06   -1.26224e+06
    Temperature Pres. DC (bar) Pressure (bar)   Constr. rmsd
    2.98842e+02   -1.42464e+02    8.03067e+01    3.23826e-06


DD  step 9999  vol min/aver 0.872  load imb.: force  1.4%  pme mesh/force 0.607
           Step           Time
          10000       20.00000

   Energies (kJ/mol)
           Bond            U-B    Proper Dih.  Improper Dih.      CMAP Dih.
    8.92715e+03    2.58723e+04    2.85054e+04    1.42267e+03   -6.45241e+02
          LJ-14     Coulomb-14        LJ (SR)  Disper. corr.   Coulomb (SR)
    8.87112e+03    1.25747e+05    1.40042e+05   -9.72611e+03   -1.89616e+06
   Coul. recip.      Potential    Kinetic En.   Total Energy  Conserved En.
    5.68271e+03   -1.56146e+06    2.95116e+05   -1.26635e+06   -1.26189e+06
    Temperature Pres. DC (bar) Pressure (bar)   Constr. rmsd
    2.99382e+02   -1.43182e+02    4.19046e+00    3.14470e-06

           Step           Time
          15000       30.00000

   Energies (kJ/mol)
           Bond            U-B    Proper Dih.  Improper Dih.      CMAP Dih.
    9.08430e+03    2.55015e+04    2.82962e+04    1.41817e+03   -6.47903e+02
          LJ-14     Coulomb-14        LJ (SR)  Disper. corr.   Coulomb (SR)
    8.61887e+03    1.26220e+05    1.38798e+05   -9.71554e+03   -1.89384e+06
   Coul. recip.      Potential    Kinetic En.   Total Energy  Conserved En.
    5.74948e+03   -1.56052e+06    2.96338e+05   -1.26418e+06   -1.26161e+06
    Temperature Pres. DC (bar) Pressure (bar)   Constr. rmsd
    3.00622e+02   -1.42872e+02    2.72845e+01    3.25752e-06


DD  step 19999  vol min/aver 0.878  load imb.: force  0.8%  pme mesh/force 0.610
           Step           Time
          20000       40.00000

   Energies (kJ/mol)
           Bond            U-B    Proper Dih.  Improper Dih.      CMAP Dih.
    8.78730e+03    2.53108e+04    2.81850e+04    1.46114e+03   -5.80521e+02
          LJ-14     Coulomb-14        LJ (SR)  Disper. corr.   Coulomb (SR)
    8.82905e+03    1.25793e+05    1.38436e+05   -9.71059e+03   -1.89433e+06
   Coul. recip.      Potential    Kinetic En.   Total Energy  Conserved En.
    5.72393e+03   -1.56210e+06    2.94804e+05   -1.26729e+06   -1.26129e+06
    Temperature Pres. DC (bar) Pressure (bar)   Constr. rmsd
    2.99065e+02   -1.42726e+02   -7.38790e+01    3.24799e-06

Writing checkpoint, step 22400 at Fri Jan 27 17:43:18 2023


           Step           Time
          25000       50.00000

   Energies (kJ/mol)
           Bond            U-B    Proper Dih.  Improper Dih.      CMAP Dih.
    9.02420e+03    2.53045e+04    2.80171e+04    1.43190e+03   -4.97602e+02
          LJ-14     Coulomb-14        LJ (SR)  Disper. corr.   Coulomb (SR)
    8.68401e+03    1.25826e+05    1.39502e+05   -9.72405e+03   -1.89720e+06
   Coul. recip.      Potential    Kinetic En.   Total Energy  Conserved En.
    5.71448e+03   -1.56392e+06    2.95726e+05   -1.26819e+06   -1.26101e+06
    Temperature Pres. DC (bar) Pressure (bar)   Constr. rmsd
    3.00001e+02   -1.43122e+02    2.22704e+01    3.28755e-06


DD  step 29999  vol min/aver 0.864  load imb.: force  0.9%  pme mesh/force 0.610
           Step           Time
          30000       60.00000

   Energies (kJ/mol)
           Bond            U-B    Proper Dih.  Improper Dih.      CMAP Dih.
    9.16211e+03    2.56239e+04    2.81810e+04    1.45998e+03   -6.15414e+02
          LJ-14     Coulomb-14        LJ (SR)  Disper. corr.   Coulomb (SR)
    8.82418e+03    1.25385e+05    1.37678e+05   -9.73971e+03   -1.89297e+06
   Coul. recip.      Potential    Kinetic En.   Total Energy  Conserved En.
    5.61937e+03   -1.56139e+06    2.95190e+05   -1.26620e+06   -1.26072e+06
    Temperature Pres. DC (bar) Pressure (bar)   Constr. rmsd
    2.99457e+02   -1.43583e+02   -4.97517e+01    3.22373e-06

           Step           Time
          35000       70.00000

   Energies (kJ/mol)
           Bond            U-B    Proper Dih.  Improper Dih.      CMAP Dih.
    8.73055e+03    2.53206e+04    2.81946e+04    1.33215e+03   -6.55693e+02
          LJ-14     Coulomb-14        LJ (SR)  Disper. corr.   Coulomb (SR)
    8.82520e+03    1.26007e+05    1.40417e+05   -9.72860e+03   -1.89731e+06
   Coul. recip.      Potential    Kinetic En.   Total Energy  Conserved En.
    5.55857e+03   -1.56331e+06    2.94946e+05   -1.26836e+06   -1.26045e+06
    Temperature Pres. DC (bar) Pressure (bar)   Constr. rmsd
    2.99209e+02   -1.43256e+02    1.47351e+02    3.26117e-06


DD  step 39999  vol min/aver 0.868  load imb.: force  1.4%  pme mesh/force 0.609
           Step           Time
          40000       80.00000

   Energies (kJ/mol)
           Bond            U-B    Proper Dih.  Improper Dih.      CMAP Dih.
    8.94400e+03    2.56697e+04    2.81030e+04    1.43355e+03   -6.44451e+02
          LJ-14     Coulomb-14        LJ (SR)  Disper. corr.   Coulomb (SR)
    8.64100e+03    1.25302e+05    1.40575e+05   -9.72871e+03   -1.89754e+06
   Coul. recip.      Potential    Kinetic En.   Total Energy  Conserved En.
    5.58461e+03   -1.56366e+06    2.96941e+05   -1.26672e+06   -1.26015e+06
    Temperature Pres. DC (bar) Pressure (bar)   Constr. rmsd
    3.01233e+02   -1.43259e+02    6.36928e+01    3.18759e-06

Writing checkpoint, step 44800 at Fri Jan 27 17:58:19 2023


           Step           Time
          45000       90.00000

   Energies (kJ/mol)
           Bond            U-B    Proper Dih.  Improper Dih.      CMAP Dih.
    8.99783e+03    2.52032e+04    2.79818e+04    1.48421e+03   -5.92477e+02
          LJ-14     Coulomb-14        LJ (SR)  Disper. corr.   Coulomb (SR)
    8.64600e+03    1.25996e+05    1.38213e+05   -9.72208e+03   -1.89394e+06
   Coul. recip.      Potential    Kinetic En.   Total Energy  Conserved En.
    5.61828e+03   -1.56212e+06    2.94621e+05   -1.26750e+06   -1.25987e+06
    Temperature Pres. DC (bar) Pressure (bar)   Constr. rmsd
    2.98880e+02   -1.43064e+02   -2.22468e+01    3.23661e-06


DD  step 49999  vol min/aver 0.876  load imb.: force  1.0%  pme mesh/force 0.609
           Step           Time
          50000      100.00000

Writing checkpoint, step 50000 at Fri Jan 27 18:01:48 2023


   Energies (kJ/mol)
           Bond            U-B    Proper Dih.  Improper Dih.      CMAP Dih.
    9.05375e+03    2.51842e+04    2.78871e+04    1.40495e+03   -6.55973e+02
          LJ-14     Coulomb-14        LJ (SR)  Disper. corr.   Coulomb (SR)
    8.60549e+03    1.25345e+05    1.40465e+05   -9.72584e+03   -1.89763e+06
   Coul. recip.      Potential    Kinetic En.   Total Energy  Conserved En.
    5.56116e+03   -1.56451e+06    2.95267e+05   -1.26924e+06   -1.25957e+06
    Temperature Pres. DC (bar) Pressure (bar)   Constr. rmsd
    2.99535e+02   -1.43174e+02   -5.16422e+01    3.25365e-06


	<======  ###############  ==>
	<====  A V E R A G E S  ====>
	<==  ###############  ======>

	Statistics over 50001 steps using 501 frames

   Energies (kJ/mol)
           Bond            U-B    Proper Dih.  Improper Dih.      CMAP Dih.
    9.01315e+03    2.54210e+04    2.82671e+04    1.45329e+03   -5.85005e+02
          LJ-14     Coulomb-14        LJ (SR)  Disper. corr.   Coulomb (SR)
    8.71178e+03    1.25792e+05    1.39429e+05   -9.72537e+03   -1.89556e+06
   Coul. recip.      Potential    Kinetic En.   Total Energy  Conserved En.
    5.70248e+03   -1.56208e+06    2.95724e+05   -1.26636e+06   -1.26103e+06
    Temperature Pres. DC (bar) Pressure (bar)   Constr. rmsd
    2.99999e+02   -1.43161e+02   -2.56299e-01    0.00000e+00

          Box-X          Box-Y          Box-Z
    8.45054e+00    1.28685e+01    1.03804e+01

   Total Virial (kJ/mol)
    9.87004e+04    3.87544e+01    8.40471e+01
    3.94825e+01    9.86325e+04    1.45899e+02
    8.69427e+01    1.52980e+02    9.84229e+04

   Pressure (bar)
   -5.76258e+00   -8.33039e-01   -2.71617e+00
   -8.54285e-01   -1.35773e+00   -2.85076e+00
   -2.80130e+00   -3.05907e+00    6.35141e+00

  Epot (kJ/mol)        Coul-SR          LJ-SR        Coul-14          LJ-14   
Protein-Protein   -1.81730e+05   -1.61517e+04    1.25792e+05    8.71178e+03
    Protein-SOL   -6.38130e+04   -6.89210e+03    0.00000e+00    0.00000e+00
    Protein-Ion   -3.51949e+02   -6.78663e+00    0.00000e+00    0.00000e+00
        SOL-SOL   -1.52989e+06    1.55153e+05    0.00000e+00    0.00000e+00
        SOL-Ion   -8.08237e+04    7.31233e+03    0.00000e+00    0.00000e+00
        Ion-Ion   -3.89520e+04    1.44021e+01    0.00000e+00    0.00000e+00

      T-Protein     T-SOL_IONS
    3.00226e+02    2.99971e+02


	M E G A - F L O P S   A C C O U N T I N G

 NB=Group-cutoff nonbonded kernels    NxN=N-by-N cluster Verlet kernels
 RF=Reaction-Field  VdW=Van der Waals  QSTab=quadratic-spline table
 W3=SPC/TIP3p  W4=TIP4p (single or pairs)
 V&F=Potential and force  V=Potential only  F=Force only

 Computing:                               M-Number         M-Flops  % Flops
-----------------------------------------------------------------------------
 Pair Search distance check           42303.035790      380727.322     0.2
 NxN QSTab Elec. + LJ [F]           4588843.185928   188142570.623    87.5
 NxN QSTab Elec. + LJ [V&F]           46445.032416     2740256.913     1.3
 NxN LJ [F]                             133.654464        4410.597     0.0
 NxN LJ [V&F]                             1.343312          57.762     0.0
 NxN QSTab Elec. [F]                 201916.038696     6865145.316     3.2
 NxN QSTab Elec. [V&F]                 2041.941568       83719.604     0.0
 1,4 nonbonded interactions            1383.377667      124503.990     0.1
 Calc Weights                         17373.647466      625451.309     0.3
 Spread Q Bspline                    370637.812608      741275.625     0.3
 Gather F Bspline                    370637.812608     2223826.876     1.0
 3D-FFT                             1456425.927936    11651407.423     5.4
 Solve PME                             1555.231104       99534.791     0.0
 Reset In Box                            72.388750         217.166     0.0
 CG-CoM                                  72.504572         217.514     0.0
 Bonds                                  272.405448       16071.921     0.0
 Propers                               1364.877297      312556.901     0.1
 Impropers                               82.101642       17077.142     0.0
 Virial                                 583.726722       10507.081     0.0
 Stop-CM                                 58.026822         580.268     0.0
 Calc-Ekin                             1158.451644       31278.194     0.0
 Lincs                                  257.855157       15471.309     0.0
 Lincs-Mat                             1317.026340        5268.105     0.0
 Constraint-V                          5775.265503       46202.124     0.0
 Constraint-Vir                         551.840346       13244.168     0.0
 Settle                                1753.185063      566278.775     0.3
 CMAP                                    33.250665       56526.130     0.0
 Urey-Bradley                           959.369187      175564.561     0.1
-----------------------------------------------------------------------------
 Total                                               214949949.513   100.0
-----------------------------------------------------------------------------


    D O M A I N   D E C O M P O S I T I O N   S T A T I S T I C S

 av. #atoms communicated per step for force:  2 x 164023.3


Dynamic load balancing report:
 DLB was turned on during the run due to measured imbalance.
 Average load imbalance: 1.2%.
 The balanceable part of the MD step is 95%, load imbalance is computed from this.
 Part of the total run time spent waiting due to load imbalance: 1.1%.
 Steps where the load balancing was limited by -rdd, -rcon and/or -dds: Y 0 % Z 0 %
 Average PME mesh/force load: 0.607
 Part of the total run time spent waiting due to PP/PME imbalance: 6.3 %

NOTE: 6.3 % performance was lost because the PME ranks
      had less work to do than the PP ranks.
      You might want to decrease the number of PME ranks
      or decrease the cut-off and the grid spacing.


     R E A L   C Y C L E   A N D   T I M E   A C C O U N T I N G

On 20 MPI ranks doing PP, and
on 4 MPI ranks doing PME

 Computing:          Num   Num      Call    Wall time         Giga-Cycles
                     Ranks Threads  Count      (s)         total sum    %
-----------------------------------------------------------------------------
 Domain decomp.        20    1        625       5.256        251.660   0.2
 DD comm. load         20    1        624       0.102          4.883   0.0
 DD comm. bounds       20    1        623       0.107          5.142   0.0
 Send X to PME         20    1      50001       7.370        352.848   0.3
 Neighbor search       20    1        626      23.494       1124.865   1.0
 Comm. coord.          20    1      49375      19.368        927.304   0.8
 Force                 20    1      50001    1872.468      89649.809  77.5
 Wait + Comm. F        20    1      50001      39.005       1867.484   1.6
 PME mesh *             4    1      50001    1162.229      11129.012   9.6
 PME wait for PP *                            850.440       8143.451   7.0
 Wait + Recv. PME F    20    1      50001       4.281        204.978   0.2
 NB X/F buffer ops.    20    1     148751      15.316        733.284   0.6
 Write traj.           20    1          4       0.072          3.455   0.0
 Update                20    1      50001       6.911        330.903   0.3
 Constraints           20    1      50001      11.042        528.666   0.5
 Comm. energies        20    1       5001       4.968        237.836   0.2
 Rest                                           2.911        139.386   0.1
-----------------------------------------------------------------------------
 Total                                       2012.672     115635.003 100.0
-----------------------------------------------------------------------------
(*) Note that with separate PME ranks, the walltime column actually sums to
    twice the total reported, but the cycle count total and % are correct.
-----------------------------------------------------------------------------
 Breakdown of PME mesh computation
-----------------------------------------------------------------------------
 PME redist. X/F        4    1     100002      72.461        693.859   0.6
 PME spread             4    1      50001     286.992       2748.113   2.4
 PME gather             4    1      50001     386.761       3703.460   3.2
 PME 3D-FFT             4    1     100002     319.890       3063.134   2.6
 PME 3D-FFT Comm.       4    1     100002      41.304        395.507   0.3
 PME solve Elec         4    1      50001      54.406        520.965   0.5
-----------------------------------------------------------------------------

               Core t (s)   Wall t (s)        (%)
       Time:    48304.119     2012.672     2400.0
                         33:32
                 (ns/day)    (hour/ns)
Performance:        4.293        5.591
Finished mdrun on rank 0 Fri Jan 27 18:01:49 2023

